<?xml version="1.0" encoding="UTF-8"?>
<!-- Generated by org.testng.reporters.JUnitReportReporter -->
<testsuite hostname="RSIbr1377" failures="0" tests="3" name="br.com.testeapinovo.RegistrarUsuarioCamposInvalidos" time="3.581" errors="0" timestamp="2020-12-14T08:43:34 BRT" skipped="0">
  <testcase classname="br.com.testeapinovo.RegistrarUsuarioCamposInvalidos" name="Registro_com_sucesso" time="0.569"/>
  <system-out/>
  <testcase classname="br.com.testeapinovo.RegistrarUsuarioCamposInvalidos" name="Registro_com_sucesso" time="0.574"/>
  <system-out/>
  <testcase classname="br.com.testeapinovo.RegistrarUsuarioCamposInvalidos" name="Registro_com_sucesso" time="2.438"/>
  <system-out/>
</testsuite> <!-- br.com.testeapinovo.RegistrarUsuarioCamposInvalidos -->
